The push refers to repository [docker.io/citizendaniel/goose-acp-server]
8bb0e5b5a633: Waiting
438bb54eb534: Waiting
705c666c40d9: Waiting
6ae00374d3bc: Waiting
4f4fb700ef54: Waiting
84a2afebaf4d: Waiting
705c666c40d9: Waiting
6ae00374d3bc: Waiting
4f4fb700ef54: Waiting
84a2afebaf4d: Waiting
8bb0e5b5a633: Waiting
438bb54eb534: Waiting
705c666c40d9: Waiting
6ae00374d3bc: Waiting
4f4fb700ef54: Waiting
84a2afebaf4d: Waiting
8bb0e5b5a633: Waiting
438bb54eb534: Waiting
6ae00374d3bc: Waiting
4f4fb700ef54: Waiting
84a2afebaf4d: Waiting
8bb0e5b5a633: Waiting
438bb54eb534: Waiting
705c666c40d9: Waiting
84a2afebaf4d: Waiting
8bb0e5b5a633: Waiting
438bb54eb534: Waiting
705c666c40d9: Waiting
6ae00374d3bc: Waiting
4f4fb700ef54: Waiting
84a2afebaf4d: Layer already exists
8bb0e5b5a633: Waiting
438bb54eb534: Waiting
705c666c40d9: Waiting
6ae00374d3bc: Waiting
4f4fb700ef54: Waiting
4f4fb700ef54: Waiting
8bb0e5b5a633: Waiting
438bb54eb534: Waiting
705c666c40d9: Waiting
6ae00374d3bc: Waiting
705c666c40d9: Waiting
6ae00374d3bc: Waiting
4f4fb700ef54: Layer already exists
8bb0e5b5a633: Waiting
438bb54eb534: Waiting
6ae00374d3bc: Waiting
705c666c40d9: Pushed
6ae00374d3bc: Pushed
8bb0e5b5a633: Pushed
438bb54eb534: Pushed
latest: digest: sha256:fc3cf779148a97b2b19592e2ecf62a1fb85f19414930188ae38f39a1d23de9d9 size: 856
